
================================================================================
CORREO ENVIADO - 2026-02-09 09:32:25
================================================================================
DE: TodoReservas <noreply@todoreservas.local>
PARA: Jorge Luiz <jorge15bm1998@gmail.com>
ASUNTO: Confirmación de Reserva - TodoReservas

CONTENIDO HTML:
--------------------------------------------------------------------------------

        <!DOCTYPE html>
        <html>
        <head>
            <meta charset='UTF-8'>
            <style>
                body {
                    font-family: 'Segoe UI', Tahoma, Geneva, Verdana, sans-serif;
                    line-height: 1.6;
                    color: #333;
                    background-color: #f5f5f5;
                }
                .container {
                    max-width: 600px;
                    margin: 20px auto;
                    background-color: #ffffff;
                    padding: 30px;
                    border-radius: 8px;
                    box-shadow: 0 2px 4px rgba(0,0,0,0.1);
                }
                .header {
                    text-align: center;
                    border-bottom: 3px solid #007bff;
                    padding-bottom: 20px;
                    margin-bottom: 30px;
                }
                .header h1 {
                    color: #007bff;
                    margin: 0;
                    font-size: 28px;
                }
                .header p {
                    color: #666;
                    font-size: 14px;
                    margin: 5px 0 0 0;
                }
                .content {
                    margin: 20px 0;
                }
                .content p {
                    margin: 10px 0;
                }
                .info-section {
                    background-color: #f8f9fa;
                    border-left: 4px solid #28a745;
                    padding: 20px;
                    margin: 20px 0;
                    border-radius: 4px;
                }
                .info-section h3 {
                    color: #28a745;
                    margin-top: 0;
                }
                .info-item {
                    display: flex;
                    justify-content: space-between;
                    padding: 10px 0;
                    border-bottom: 1px solid #e0e0e0;
                }
                .info-item:last-child {
                    border-bottom: none;
                }
                .info-label {
                    font-weight: 600;
                    color: #555;
                }
                .info-value {
                    color: #333;
                    text-align: right;
                }
                .payment-info {
                    background-color: #e7f3ff;
                    border-left: 4px solid #0066cc;
                    padding: 20px;
                    margin: 20px 0;
                    border-radius: 4px;
                }
                .payment-info h3 {
                    color: #0066cc;
                    margin-top: 0;
                }
                .footer {
                    text-align: center;
                    border-top: 1px solid #eee;
                    padding-top: 20px;
                    margin-top: 30px;
                    color: #888;
                    font-size: 12px;
                }
                .btn {
                    display: inline-block;
                    background-color: #007bff;
                    color: white;
                    padding: 10px 20px;
                    text-decoration: none;
                    border-radius: 4px;
                    margin-top: 20px;
                }
                .highlight {
                    color: #28a745;
                    font-weight: bold;
                    font-size: 18px;
                }
            </style>
        </head>
        <body>
            <div class='container'>
                <div class='header'>
                    <h1>🎾 TodoReservas</h1>
                    <p>Confirmación de tu reserva</p>
                </div>

                <div class='content'>
                    <p>¡Hola <strong>Jorge Luiz</strong>!</p>
                    <p>Tu reserva ha sido <span class='highlight'>confirmada</span> correctamente. Aquí están los detalles:</p>

                    <div class='info-section'>
                        <h3>📋 Detalles de la Reserva</h3>
                        <div class='info-item'>
                            <span class='info-label'>Instalación:</span>
                            <span class='info-value'><strong>Pista Central</strong></span>
                        </div>
                        <div class='info-item'>
                            <span class='info-label'>Fecha:</span>
                            <span class='info-value'><strong>Viernes, 13 de febrero de 2026</strong></span>
                        </div>
                        <div class='info-item'>
                            <span class='info-label'>Hora:</span>
                            <span class='info-value'><strong>20:00</strong></span>
                        </div>
                    </div>

                    <div class='payment-info'>
                        <h3>💳 Información de Pago</h3>
                        <div class='info-item'>
                            <span class='info-label'>Referencia de Transacción:</span>
                            <span class='info-value'><strong>TXN-6989A9A986163</strong></span>
                        </div>
                        <div class='info-item'>
                            <span class='info-label'>Importe:</span>
                            <span class='info-value'><strong>€12,50</strong></span>
                        </div>
                        <div class='info-item'>
                            <span class='info-label'>Estado:</span>
                            <span class='info-value'><strong style='color: #28a745;'>✓ Completado</strong></span>
                        </div>
                    </div>

                    <p>Si necesitas modificar o cancelar tu reserva, puedes hacerlo desde tu panel de usuario en TodoReservas.</p>
                    <p><strong>¿Preguntas?</strong> Contáctanos respondiendo a este correo.</p>
                </div>

                <div class='footer'>
                    <p>© 2026 TodoReservas. Todos los derechos reservados.</p>
                    <p>Este es un correo automático, por favor no respondas directamente.</p>
                </div>
            </div>
        </body>
        </html>
        
================================================================================

